Base path: 'D:/Program Files/Unity/Hub/Editor/2019.4.14f1c1/Editor/Data', plugins path 'D:/Program Files/Unity/Hub/Editor/2019.4.14f1c1/Editor/Data/PlaybackEngines'
Cmd: initializeCompiler
Cmd: initializeCompiler
Cmd: preprocessCompute
  insize=763 outsize=775 ok=1
Cmd: compileComputeKernel
  api=4 insize=775 outsize=2787 ok=1
Cmd: preprocessCompute
  insize=924 outsize=958 ok=1
Cmd: compileComputeKernel
  api=4 insize=958 outsize=1465 ok=1
Cmd: compileComputeKernel
  api=4 insize=958 outsize=1499 ok=1
Cmd: preprocessCompute
  insize=210 outsize=222 ok=1
Cmd: compileComputeKernel
  api=4 insize=222 outsize=680 ok=1
Cmd: preprocessCompute
  insize=713 outsize=759 ok=1
Cmd: compileComputeKernel
  api=4 insize=759 outsize=682 ok=1
Cmd: compileComputeKernel
  api=4 insize=759 outsize=753 ok=1
Cmd: compileComputeKernel
  api=4 insize=759 outsize=844 ok=1
Cmd: preprocessCompute
  insize=3365 outsize=3405 ok=1
Cmd: compileComputeKernel
  api=4 insize=3405 outsize=27245 ok=1
Cmd: preprocessCompute
  insize=13703 outsize=13751 ok=1
Cmd: compileComputeKernel
  api=4 insize=13751 outsize=1027 ok=1
Cmd: compileComputeKernel
  api=4 insize=13751 outsize=1840 ok=1
Cmd: compileComputeKernel
  api=4 insize=13751 outsize=1364 ok=1
Cmd: compileComputeKernel
  api=4 insize=13751 outsize=1916 ok=1
Cmd: preprocessCompute
  insize=80083 outsize=80473 ok=1
Cmd: compileComputeKernel
  api=4 insize=80473 outsize=1686 ok=1
Cmd: compileComputeKernel
  api=4 insize=80473 outsize=2795 ok=1
Cmd: compileComputeKernel
  api=4 insize=80473 outsize=1579 ok=1
Cmd: compileComputeKernel
  api=4 insize=80473 outsize=2479 ok=1
Cmd: compileComputeKernel
  api=4 insize=80473 outsize=2634 ok=1
Cmd: compileComputeKernel
  api=4 insize=80473 outsize=1489 ok=1
Cmd: compileComputeKernel
  api=4 insize=80473 outsize=2261 ok=1
Cmd: compileComputeKernel
  api=4 insize=80473 outsize=3685 ok=1
Cmd: compileComputeKernel
  api=4 insize=80473 outsize=3375 ok=1
Cmd: compileComputeKernel
  api=4 insize=80473 outsize=3398 ok=1
Cmd: compileComputeKernel
  api=4 insize=80473 outsize=3608 ok=1
Cmd: compileComputeKernel
  api=4 insize=80473 outsize=3553 ok=1
Cmd: compileComputeKernel
  api=4 insize=80473 outsize=3399 ok=1
Cmd: compileComputeKernel
  api=4 insize=80473 outsize=3485 ok=1
Cmd: compileComputeKernel
  api=4 insize=80473 outsize=3489 ok=1
Cmd: compileComputeKernel
  api=4 insize=80473 outsize=3472 ok=1
Cmd: compileComputeKernel
  api=4 insize=80473 outsize=1549 ok=1
Cmd: compileComputeKernel
  api=4 insize=80473 outsize=5043 ok=1
Cmd: compileComputeKernel
  api=4 insize=80473 outsize=5039 ok=1
Cmd: compileComputeKernel
  api=4 insize=80473 outsize=5068 ok=1
Cmd: compileComputeKernel
  api=4 insize=80473 outsize=5218 ok=1
Cmd: compileComputeKernel
  api=4 insize=80473 outsize=3554 ok=1
Cmd: compileComputeKernel
  api=4 insize=80473 outsize=3482 ok=1
Cmd: compileComputeKernel
  api=4 insize=80473 outsize=2210 ok=1
Cmd: compileComputeKernel
  api=4 insize=80473 outsize=3761 ok=1
Cmd: compileComputeKernel
  api=4 insize=80473 outsize=4571 ok=1
Cmd: preprocessCompute
  insize=451 outsize=467 ok=1
Cmd: compileComputeKernel
  api=4 insize=467 outsize=2137 ok=1
Cmd: preprocessCompute
  insize=4675 outsize=4703 ok=1
Cmd: compileComputeKernel
  api=4 insize=4703 outsize=3309 ok=1
Cmd: compileComputeKernel
  api=4 insize=4703 outsize=3554 ok=1
Cmd: preprocessCompute
  insize=4219 outsize=4231 ok=1
Cmd: compileComputeKernel
  api=4 insize=4231 outsize=3544 ok=1
Cmd: preprocessCompute
  insize=75183 outsize=75201 ok=1
Cmd: compileComputeKernel
  api=4 insize=75201 outsize=7888 ok=1
Cmd: preprocessCompute
  insize=451 outsize=467 ok=1
Cmd: compileComputeKernel
  api=4 insize=467 outsize=2137 ok=1
Cmd: preprocessCompute
  insize=13347 outsize=13363 ok=1
Cmd: compileComputeKernel
  api=4 insize=13363 outsize=3683 ok=1
Cmd: preprocessCompute
  insize=924 outsize=958 ok=1
Cmd: compileComputeKernel
  api=4 insize=958 outsize=1465 ok=1
Cmd: compileComputeKernel
  api=4 insize=958 outsize=1528 ok=1
Cmd: preprocessCompute
  insize=764 outsize=776 ok=1
Cmd: compileComputeKernel
  api=4 insize=776 outsize=4420 ok=1
Cmd: preprocessCompute
  insize=10124 outsize=10470 ok=1
Cmd: compileComputeKernel
  api=4 insize=10470 outsize=677 ok=1
Cmd: compileComputeKernel
  api=4 insize=10470 outsize=782 ok=1
Cmd: compileComputeKernel
  api=4 insize=10470 outsize=796 ok=1
Cmd: compileComputeKernel
  api=4 insize=10470 outsize=700 ok=1
Cmd: compileComputeKernel
  api=4 insize=10470 outsize=1018 ok=1
Cmd: compileComputeKernel
  api=4 insize=10470 outsize=1313 ok=1
Cmd: compileComputeKernel
  api=4 insize=10470 outsize=782 ok=1
Cmd: compileComputeKernel
  api=4 insize=10470 outsize=881 ok=1
Cmd: compileComputeKernel
  api=4 insize=10470 outsize=1258 ok=1
Cmd: compileComputeKernel
  api=4 insize=10470 outsize=1520 ok=1
Cmd: compileComputeKernel
  api=4 insize=10470 outsize=1392 ok=1
Cmd: compileComputeKernel
  api=4 insize=10470 outsize=1465 ok=1
Cmd: compileComputeKernel
  api=4 insize=10470 outsize=1248 ok=1
Cmd: compileComputeKernel
  api=4 insize=10470 outsize=1261 ok=1
Cmd: compileComputeKernel
  api=4 insize=10470 outsize=1843 ok=1
Cmd: compileComputeKernel
  api=4 insize=10470 outsize=1596 ok=1
Cmd: compileComputeKernel
  api=4 insize=10470 outsize=1397 ok=1
Cmd: compileComputeKernel
  api=4 insize=10470 outsize=1401 ok=1
Cmd: compileComputeKernel
  api=4 insize=10470 outsize=1357 ok=1
Cmd: compileComputeKernel
  api=4 insize=10470 outsize=1264 ok=1
Cmd: compileComputeKernel
  api=4 insize=10470 outsize=1319 ok=1
Cmd: preprocessCompute
  insize=4426 outsize=4442 ok=1
Cmd: compileComputeKernel
  api=4 insize=4442 outsize=1684 ok=1
Cmd: preprocessCompute
  insize=1896 outsize=1900 ok=1
Cmd: compileComputeKernel
  api=4 insize=1900 outsize=3122 ok=1
